Using pre-set license
Built from '2020.3/staging' branch; Version is '2020.3.0f1 (c7b5465681fb) revision 13088070'; Using compiler version '192528614'; Build Type 'Release'
OS: 'Windows 10 Home; OS build 19044.1586; Version 2009; 64bit' Language: 'en' Physical Memory: 12169 MB
BatchMode: 1, IsHumanControllingUs: 0, StartBugReporterOnCrash: 0, Is64bit: 1, IsPro: 0

 COMMAND LINE ARGUMENTS:
D:\Program Files\2020.3.0f1\Editor\Unity.exe
-adb2
-batchMode
-noUpm
-name
AssetImportWorker0
-projectPath
D:/GitHub/Color-Blindness-Simulator/Color Blindness Simulator (3D)
-logFile
Logs/AssetImportWorker0.log
-srvPort
64377
Successfully changed project path to: D:/GitHub/Color-Blindness-Simulator/Color Blindness Simulator (3D)
D:/GitHub/Color-Blindness-Simulator/Color Blindness Simulator (3D)
Using Asset Import Pipeline V2.
Refreshing native plugins compatible for Editor in 38.08 ms, found 0 plugins.
Preloading 0 native plugins for Editor in 0.00 ms.
Initialize engine version: 2020.3.0f1 (c7b5465681fb)
[Subsystems] Discovering subsystems at path D:/Program Files/2020.3.0f1/Editor/Data/Resources/UnitySubsystems
[Subsystems] Discovering subsystems at path D:/GitHub/Color-Blindness-Simulator/Color Blindness Simulator (3D)/Assets
GfxDevice: creating device client; threaded=0
Direct3D:
    Version:  Direct3D 11.0 [level 11.1]
    Renderer: NVIDIA GeForce MX150 (ID=0x1d10)
    Vendor:   
    VRAM:     4027 MB
    Driver:   30.0.14.7219
Initialize mono
Mono path[0] = 'D:/Program Files/2020.3.0f1/Editor/Data/Managed'
Mono path[1] = 'D:/Program Files/2020.3.0f1/Editor/Data/MonoBleedingEdge/lib/mono/unityjit'
Mono config path = 'D:/Program Files/2020.3.0f1/Editor/Data/MonoBleedingEdge/etc'
Using monoOptions --debugger-agent=transport=dt_socket,embedding=1,server=y,suspend=n,address=127.0.0.1:56160
Begin MonoManager ReloadAssembly
Registering precompiled unity dll's ...
Register platform support module: D:/Program Files/2020.3.0f1/Editor/Data/PlaybackEngines/WindowsStandaloneSupport/UnityEditor.WindowsStandalone.Extensions.dll
Registered in 0.006899 seconds.
Native extension for WindowsStandalone target not found
Refreshing native plugins compatible for Editor in 37.68 ms, found 0 plugins.
Preloading 0 native plugins for Editor in 0.00 ms.
Invoked RoslynAnalysisRunner static constructor.
RoslynAnalysisRunner will not be running.
RoslynAnalysisRunner has terminated.
Mono: successfully reloaded assembly
- Completed reload, in  3.282 seconds
Platform modules already initialized, skipping
Registering precompiled user dll's ...
Registered in 0.003802 seconds.
Begin MonoManager ReloadAssembly
Native extension for WindowsStandalone target not found
Refreshing native plugins compatible for Editor in 37.55 ms, found 0 plugins.
Preloading 0 native plugins for Editor in 0.00 ms.
Invoked RoslynAnalysisRunner static constructor.
RoslynAnalysisRunner will not be running.
RoslynAnalysisRunner has terminated.
Mono: successfully reloaded assembly
- Completed reload, in  1.541 seconds
Platform modules already initialized, skipping
========================================================================
Worker process is ready to serve import requests
Launched and connected shader compiler UnityShaderCompiler.exe after 0.09 seconds
Refreshing native plugins compatible for Editor in 0.30 ms, found 0 plugins.
Preloading 0 native plugins for Editor in 0.00 ms.
Unloading 1460 Unused Serialized files (Serialized files now loaded: 0)
System memory in use before: 87.4 MB.
System memory in use after: 87.3 MB.

Unloading 23 unused Assets to reduce memory usage. Loaded Objects now: 1927.
Total: 6.222600 ms (FindLiveObjects: 1.241600 ms CreateObjectMapping: 0.222200 ms MarkObjects: 4.406800 ms  DeleteObjects: 0.348200 ms)

========================================================================
Received Import Request.
  path: Assets/Game Assets/Samples/Terrain Tools/0.1.0-preview/Terrain Assets/TerrainTextures/dirt_albedo.tif
  artifactKey: Guid(7f3df385222f5b1428f6a156037deb5e) Importer(815301076,1909f56bfc062723c751e8b465ee728b)
Start importing Assets/Game Assets/Samples/Terrain Tools/0.1.0-preview/Terrain Assets/TerrainTextures/dirt_albedo.tif using Guid(7f3df385222f5b1428f6a156037deb5e) Importer(815301076,1909f56bfc062723c751e8b465ee728b)  -> (artifact id: '4e7b3eab806d0b01fa1c2b9fca633d23') in 0.156787 seconds
  Import took 0.161434 seconds .

========================================================================
Received Import Request.
  Time since last request: 126.748099 seconds.
  path: Assets/Game Assets/First Person Player.prefab
  artifactKey: Guid(9150a4348b1d9734ea24df72ca78e09f) Importer(815301076,1909f56bfc062723c751e8b465ee728b)
Start importing Assets/Game Assets/First Person Player.prefab using Guid(9150a4348b1d9734ea24df72ca78e09f) Importer(815301076,1909f56bfc062723c751e8b465ee728b)  -> (artifact id: 'e7eff5e635a402c46c3e6c0ac15d46de') in 0.087775 seconds
  Import took 0.090681 seconds .

========================================================================
Received Import Request.
  Time since last request: 6.228282 seconds.
  path: Assets/Game Assets/Samples/Terrain Tools/0.1.0-preview/Terrain Assets/TerrainBrushes
  artifactKey: Guid(06d093db78f37314382766fde05acf29) Importer(815301076,1909f56bfc062723c751e8b465ee728b)
Start importing Assets/Game Assets/Samples/Terrain Tools/0.1.0-preview/Terrain Assets/TerrainBrushes using Guid(06d093db78f37314382766fde05acf29) Importer(815301076,1909f56bfc062723c751e8b465ee728b)  -> (artifact id: '64a658cd318ccaeef3372afbc77ad6bd') in 0.049735 seconds
  Import took 0.052677 seconds .

========================================================================
Received Import Request.
  Time since last request: 0.052562 seconds.
  path: Assets/Game Assets/Samples/Terrain Tools/0.1.0-preview/Terrain Assets/TerrainBrushes/noise_soft.brush
  artifactKey: Guid(cee96a2661edd1040b6f86ac79ab5fc8) Importer(815301076,1909f56bfc062723c751e8b465ee728b)
Start importing Assets/Game Assets/Samples/Terrain Tools/0.1.0-preview/Terrain Assets/TerrainBrushes/noise_soft.brush using Guid(cee96a2661edd1040b6f86ac79ab5fc8) Importer(815301076,1909f56bfc062723c751e8b465ee728b)  -> (artifact id: '28e20dc98bc6ac933fd3f9f3f1c6246b') in 0.034161 seconds
  Import took 0.037843 seconds .

========================================================================
Received Import Request.
  Time since last request: 0.000264 seconds.
  path: Assets/Game Assets/Samples/Terrain Tools/0.1.0-preview/Terrain Assets/TerrainBrushes/terrainstamp_canyon05.brush
  artifactKey: Guid(ceb297a70ecfb74479647a7e0e433265) Importer(815301076,1909f56bfc062723c751e8b465ee728b)
Start importing Assets/Game Assets/Samples/Terrain Tools/0.1.0-preview/Terrain Assets/TerrainBrushes/terrainstamp_canyon05.brush using Guid(ceb297a70ecfb74479647a7e0e433265) Importer(815301076,1909f56bfc062723c751e8b465ee728b)  -> (artifact id: '4b71a74898167ff2545da73c4ac37bf2') in 0.076907 seconds
  Import took 0.082120 seconds .

========================================================================
Received Import Request.
  Time since last request: 0.000365 seconds.
  path: Assets/Game Assets/Samples/Terrain Tools/0.1.0-preview/Terrain Assets/TerrainBrushes/terrainstamp_mountain01.brush
  artifactKey: Guid(87bcc148df475664181f323cf3b45e93) Importer(815301076,1909f56bfc062723c751e8b465ee728b)
Start importing Assets/Game Assets/Samples/Terrain Tools/0.1.0-preview/Terrain Assets/TerrainBrushes/terrainstamp_mountain01.brush using Guid(87bcc148df475664181f323cf3b45e93) Importer(815301076,1909f56bfc062723c751e8b465ee728b)  -> (artifact id: '683c9467e6386fbc95c6da02d7135941') in 0.042173 seconds
  Import took 0.048188 seconds .

========================================================================
Received Import Request.
  Time since last request: 0.000292 seconds.
  path: Assets/Game Assets/Samples/Terrain Tools/0.1.0-preview/Terrain Assets/TerrainBrushes/terrainstamp_mountain08.brush
  artifactKey: Guid(f3ac69de155752e498f0f9864e41e7a1) Importer(815301076,1909f56bfc062723c751e8b465ee728b)
Start importing Assets/Game Assets/Samples/Terrain Tools/0.1.0-preview/Terrain Assets/TerrainBrushes/terrainstamp_mountain08.brush using Guid(f3ac69de155752e498f0f9864e41e7a1) Importer(815301076,1909f56bfc062723c751e8b465ee728b)  -> (artifact id: 'ded05cd581680e9c6d6b3563ac5e6081') in 0.034077 seconds
  Import took 0.040496 seconds .

========================================================================
Received Import Request.
  Time since last request: 0.000290 seconds.
  path: Assets/Game Assets/Samples/Terrain Tools/0.1.0-preview/Terrain Assets/TerrainBrushes/terrainstamp_canyon04.brush
  artifactKey: Guid(dc670a42db363de40a6e6d9f231404ca) Importer(815301076,1909f56bfc062723c751e8b465ee728b)
Start importing Assets/Game Assets/Samples/Terrain Tools/0.1.0-preview/Terrain Assets/TerrainBrushes/terrainstamp_canyon04.brush using Guid(dc670a42db363de40a6e6d9f231404ca) Importer(815301076,1909f56bfc062723c751e8b465ee728b)  -> (artifact id: '29ed5e8e0e451871437c4acac99eae57') in 0.023233 seconds
  Import took 0.026399 seconds .

========================================================================
Received Import Request.
  Time since last request: 0.000285 seconds.
  path: Assets/Game Assets/Samples/Terrain Tools/0.1.0-preview/Terrain Assets/TerrainBrushes/terrainstamp_crackedground02.brush
  artifactKey: Guid(61e8c4f14d0453448b7e510f7f96990c) Importer(815301076,1909f56bfc062723c751e8b465ee728b)
Start importing Assets/Game Assets/Samples/Terrain Tools/0.1.0-preview/Terrain Assets/TerrainBrushes/terrainstamp_crackedground02.brush using Guid(61e8c4f14d0453448b7e510f7f96990c) Importer(815301076,1909f56bfc062723c751e8b465ee728b)  -> (artifact id: '1dee2df5b17a914f47e334338c186755') in 0.025181 seconds
  Import took 0.029280 seconds .

========================================================================
Received Import Request.
  Time since last request: 0.000296 seconds.
  path: Assets/Game Assets/Samples/Terrain Tools/0.1.0-preview/Terrain Assets/TerrainBrushes/terrainstamp_mountain02.brush
  artifactKey: Guid(8569f88df55a4b64b997e64b2aa69432) Importer(815301076,1909f56bfc062723c751e8b465ee728b)
Start importing Assets/Game Assets/Samples/Terrain Tools/0.1.0-preview/Terrain Assets/TerrainBrushes/terrainstamp_mountain02.brush using Guid(8569f88df55a4b64b997e64b2aa69432) Importer(815301076,1909f56bfc062723c751e8b465ee728b)  -> (artifact id: '877964b4093f68eef8b7337bf56e6b67') in 0.025541 seconds
  Import took 0.028262 seconds .

========================================================================
Received Import Request.
  Time since last request: 0.000253 seconds.
  path: Assets/Game Assets/Samples/Terrain Tools/0.1.0-preview/Terrain Assets/TerrainBrushes/terrainstamp_crackedground01.brush
  artifactKey: Guid(a27a2665c8aec334ba8bbba24ee0c827) Importer(815301076,1909f56bfc062723c751e8b465ee728b)
Start importing Assets/Game Assets/Samples/Terrain Tools/0.1.0-preview/Terrain Assets/TerrainBrushes/terrainstamp_crackedground01.brush using Guid(a27a2665c8aec334ba8bbba24ee0c827) Importer(815301076,1909f56bfc062723c751e8b465ee728b)  -> (artifact id: 'a6cfb5969a2455b16afa7e644f61ed88') in 0.018048 seconds
  Import took 0.021527 seconds .

========================================================================
Received Import Request.
  Time since last request: 0.000199 seconds.
  path: Assets/Game Assets/Samples/Terrain Tools/0.1.0-preview/Terrain Assets/TerrainBrushes/terrainstamp_mountain03.brush
  artifactKey: Guid(f11a285f166a0f6499471bc2b3deaefb) Importer(815301076,1909f56bfc062723c751e8b465ee728b)
Start importing Assets/Game Assets/Samples/Terrain Tools/0.1.0-preview/Terrain Assets/TerrainBrushes/terrainstamp_mountain03.brush using Guid(f11a285f166a0f6499471bc2b3deaefb) Importer(815301076,1909f56bfc062723c751e8b465ee728b)  -> (artifact id: 'b5d1a374d60b8631e369e2607b92a112') in 0.028264 seconds
  Import took 0.031540 seconds .

========================================================================
Received Import Request.
  Time since last request: 0.495744 seconds.
  path: Assets/Game Assets/Samples/Terrain Tools/0.1.0-preview/Terrain Assets/TerrainBrushes/terrainstamp_plateau01.brush
  artifactKey: Guid(bb325d04c0ca0dd4a85a78892caa83fc) Importer(815301076,1909f56bfc062723c751e8b465ee728b)
Start importing Assets/Game Assets/Samples/Terrain Tools/0.1.0-preview/Terrain Assets/TerrainBrushes/terrainstamp_plateau01.brush using Guid(bb325d04c0ca0dd4a85a78892caa83fc) Importer(815301076,1909f56bfc062723c751e8b465ee728b)  -> (artifact id: '15c4b49639711535643f67ea4b9d365f') in 0.021433 seconds
  Import took 0.023908 seconds .

========================================================================
Received Import Request.
  Time since last request: 0.000311 seconds.
  path: Assets/Game Assets/Samples/Terrain Tools/0.1.0-preview/Terrain Assets/TerrainBrushes/terrainstamp_plateau02.brush
  artifactKey: Guid(11e6706e84aaff345ac7f2478d9d88a3) Importer(815301076,1909f56bfc062723c751e8b465ee728b)
Start importing Assets/Game Assets/Samples/Terrain Tools/0.1.0-preview/Terrain Assets/TerrainBrushes/terrainstamp_plateau02.brush using Guid(11e6706e84aaff345ac7f2478d9d88a3) Importer(815301076,1909f56bfc062723c751e8b465ee728b)  -> (artifact id: 'c4d324cff8c119c98f8f1f6fbe6bbcf2') in 0.026020 seconds
  Import took 0.029070 seconds .

========================================================================
Received Import Request.
  Time since last request: 0.000390 seconds.
  path: Assets/Game Assets/Samples/Terrain Tools/0.1.0-preview/Terrain Assets/TerrainBrushes/terrainstamp_plateau03.brush
  artifactKey: Guid(387141d2bd04a10459d9a306ca45434f) Importer(815301076,1909f56bfc062723c751e8b465ee728b)
Start importing Assets/Game Assets/Samples/Terrain Tools/0.1.0-preview/Terrain Assets/TerrainBrushes/terrainstamp_plateau03.brush using Guid(387141d2bd04a10459d9a306ca45434f) Importer(815301076,1909f56bfc062723c751e8b465ee728b)  -> (artifact id: '2b54e71ea63cecf79c390718d9423340') in 0.025966 seconds
  Import took 0.028936 seconds .

========================================================================
Received Import Request.
  Time since last request: 0.319530 seconds.
  path: Assets/Game Assets/Samples/Terrain Tools/0.1.0-preview/Terrain Assets/TerrainBrushes/terrainstamp_ridge05.brush
  artifactKey: Guid(014d61beb3975e849b26bc42fbf17b42) Importer(815301076,1909f56bfc062723c751e8b465ee728b)
Start importing Assets/Game Assets/Samples/Terrain Tools/0.1.0-preview/Terrain Assets/TerrainBrushes/terrainstamp_ridge05.brush using Guid(014d61beb3975e849b26bc42fbf17b42) Importer(815301076,1909f56bfc062723c751e8b465ee728b)  -> (artifact id: '766e3bd1b4de2eaead1632a6301ef68b') in 0.035704 seconds
  Import took 0.040399 seconds .

========================================================================
Received Import Request.
  Time since last request: 0.000376 seconds.
  path: Assets/Game Assets/Samples/Terrain Tools/0.1.0-preview/Terrain Assets/TerrainBrushes/terrainstamp_rollinghills01.brush
  artifactKey: Guid(9bcbad10823d47140bc0c90bfc339f4e) Importer(815301076,1909f56bfc062723c751e8b465ee728b)
Start importing Assets/Game Assets/Samples/Terrain Tools/0.1.0-preview/Terrain Assets/TerrainBrushes/terrainstamp_rollinghills01.brush using Guid(9bcbad10823d47140bc0c90bfc339f4e) Importer(815301076,1909f56bfc062723c751e8b465ee728b)  -> (artifact id: '25e872a49597334a31b1f03c19469aca') in 0.038012 seconds
  Import took 0.041963 seconds .

========================================================================
Received Import Request.
  Time since last request: 0.000176 seconds.
  path: Assets/Game Assets/Samples/Terrain Tools/0.1.0-preview/Terrain Assets/TerrainBrushes/terrainstamp_ridgeedge01.brush
  artifactKey: Guid(b47c02079aebe594a94e62b833a0616b) Importer(815301076,1909f56bfc062723c751e8b465ee728b)
Start importing Assets/Game Assets/Samples/Terrain Tools/0.1.0-preview/Terrain Assets/TerrainBrushes/terrainstamp_ridgeedge01.brush using Guid(b47c02079aebe594a94e62b833a0616b) Importer(815301076,1909f56bfc062723c751e8b465ee728b)  -> (artifact id: 'de244feda0f4f460b7f2995755bd3885') in 0.035688 seconds
  Import took 0.038065 seconds .

========================================================================
Received Import Request.
  Time since last request: 3.688168 seconds.
  path: Assets/Game Assets/Samples/Terrain Tools/0.1.0-preview/Terrain Assets/TerrainLayers
  artifactKey: Guid(8e20acebdea53ef48834fdda56653c96) Importer(815301076,1909f56bfc062723c751e8b465ee728b)
Start importing Assets/Game Assets/Samples/Terrain Tools/0.1.0-preview/Terrain Assets/TerrainLayers using Guid(8e20acebdea53ef48834fdda56653c96) Importer(815301076,1909f56bfc062723c751e8b465ee728b)  -> (artifact id: 'eb5cc113388ce3647123d1a061a1774a') in 0.008475 seconds
  Import took 0.013896 seconds .

========================================================================
Received Import Request.
  Time since last request: 0.038989 seconds.
  path: Assets/Game Assets/Samples/Terrain Tools/0.1.0-preview/Terrain Assets/TerrainLayers/dirt.terrainlayer
  artifactKey: Guid(c25f012d8eaba684b9a392d71f427372) Importer(815301076,1909f56bfc062723c751e8b465ee728b)
Start importing Assets/Game Assets/Samples/Terrain Tools/0.1.0-preview/Terrain Assets/TerrainLayers/dirt.terrainlayer using Guid(c25f012d8eaba684b9a392d71f427372) Importer(815301076,1909f56bfc062723c751e8b465ee728b)  -> (artifact id: 'ff086f29afef330618c83852e2e653f7') in 0.036139 seconds
  Import took 0.038982 seconds .

========================================================================
Received Import Request.
  Time since last request: 0.000477 seconds.
  path: Assets/Game Assets/Samples/Terrain Tools/0.1.0-preview/Terrain Assets/TerrainLayers/scree.terrainlayer
  artifactKey: Guid(6a3097ee6a39c594e8c63dae726b2278) Importer(815301076,1909f56bfc062723c751e8b465ee728b)
Start importing Assets/Game Assets/Samples/Terrain Tools/0.1.0-preview/Terrain Assets/TerrainLayers/scree.terrainlayer using Guid(6a3097ee6a39c594e8c63dae726b2278) Importer(815301076,1909f56bfc062723c751e8b465ee728b)  -> (artifact id: '6abb3532d7d822fd20369f4232acebd5') in 0.027419 seconds
  Import took 0.032826 seconds .

========================================================================
Received Import Request.
  Time since last request: 0.000283 seconds.
  path: Assets/Game Assets/Samples/Terrain Tools/0.1.0-preview/Terrain Assets/TerrainLayers/sand.terrainlayer
  artifactKey: Guid(aa7afa2eb72909e4d8083508573d955f) Importer(815301076,1909f56bfc062723c751e8b465ee728b)
Start importing Assets/Game Assets/Samples/Terrain Tools/0.1.0-preview/Terrain Assets/TerrainLayers/sand.terrainlayer using Guid(aa7afa2eb72909e4d8083508573d955f) Importer(815301076,1909f56bfc062723c751e8b465ee728b)  -> (artifact id: '65800483342c7e48177a8bc392e53208') in 0.033102 seconds
  Import took 0.038723 seconds .

========================================================================
Received Import Request.
  Time since last request: 0.000465 seconds.
  path: Assets/Game Assets/Samples/Terrain Tools/0.1.0-preview/Terrain Assets/TerrainLayers/snow.terrainlayer
  artifactKey: Guid(34a7124a250b6314f803cba5555e7faa) Importer(815301076,1909f56bfc062723c751e8b465ee728b)
Start importing Assets/Game Assets/Samples/Terrain Tools/0.1.0-preview/Terrain Assets/TerrainLayers/snow.terrainlayer using Guid(34a7124a250b6314f803cba5555e7faa) Importer(815301076,1909f56bfc062723c751e8b465ee728b)  -> (artifact id: '921d80ed90b3a30d9c44f25b0f4072df') in 0.026599 seconds
  Import took 0.031148 seconds .

========================================================================
Received Import Request.
  Time since last request: 0.000600 seconds.
  path: Assets/Game Assets/Samples/Terrain Tools/0.1.0-preview/Terrain Assets/TerrainLayers/moss.terrainlayer
  artifactKey: Guid(56b2820651de357459e8d89d2b4f3f05) Importer(815301076,1909f56bfc062723c751e8b465ee728b)
Start importing Assets/Game Assets/Samples/Terrain Tools/0.1.0-preview/Terrain Assets/TerrainLayers/moss.terrainlayer using Guid(56b2820651de357459e8d89d2b4f3f05) Importer(815301076,1909f56bfc062723c751e8b465ee728b)  -> (artifact id: '492386924eed8e2ec053a4059ea6ad88') in 0.026951 seconds
  Import took 0.032030 seconds .

========================================================================
Received Import Request.
  Time since last request: 0.000646 seconds.
  path: Assets/Game Assets/Samples/Terrain Tools/0.1.0-preview/Terrain Assets/TerrainLayers/rock.terrainlayer
  artifactKey: Guid(716937fe861ba6748bfd599e6802e70a) Importer(815301076,1909f56bfc062723c751e8b465ee728b)
Start importing Assets/Game Assets/Samples/Terrain Tools/0.1.0-preview/Terrain Assets/TerrainLayers/rock.terrainlayer using Guid(716937fe861ba6748bfd599e6802e70a) Importer(815301076,1909f56bfc062723c751e8b465ee728b)  -> (artifact id: '03e4976906d4d03157ce60dffc746824') in 0.019543 seconds
  Import took 0.022801 seconds .

========================================================================
Received Import Request.
  Time since last request: 9.785357 seconds.
  path: Assets/Terrain/Terrain_0_0_4a9d75c3-6932-407f-abf8-699d15307404.asset
  artifactKey: Guid(98fedeed80772bf4ebdc2ccb382f4507) Importer(815301076,1909f56bfc062723c751e8b465ee728b)
Start importing Assets/Terrain/Terrain_0_0_4a9d75c3-6932-407f-abf8-699d15307404.asset using Guid(98fedeed80772bf4ebdc2ccb382f4507) Importer(815301076,1909f56bfc062723c751e8b465ee728b)  -> (artifact id: '13e645fb350b0a219ddf15dcbe105400') in 0.016179 seconds
  Import took 0.019039 seconds .

========================================================================
Received Import Request.
  Time since last request: 3.085668 seconds.
  path: Assets/Game Assets/Samples/Terrain Tools/0.1.0-preview/Terrain Assets/BrushTextures/canyon01.tif
  artifactKey: Guid(903360ef543b50449ae74931c4fddc2c) Importer(815301076,1909f56bfc062723c751e8b465ee728b)
Start importing Assets/Game Assets/Samples/Terrain Tools/0.1.0-preview/Terrain Assets/BrushTextures/canyon01.tif using Guid(903360ef543b50449ae74931c4fddc2c) Importer(815301076,1909f56bfc062723c751e8b465ee728b)  -> (artifact id: 'a1a603828a9b89872e002f9e07dee2de') in 0.013001 seconds
  Import took 0.016078 seconds .

========================================================================
Received Import Request.
  Time since last request: 0.000326 seconds.
  path: Assets/Game Assets/Samples/Terrain Tools/0.1.0-preview/Terrain Assets/BrushTextures/mountain03.tif
  artifactKey: Guid(eb8981774e4509b4ba09dcceaf8814d1) Importer(815301076,1909f56bfc062723c751e8b465ee728b)
Start importing Assets/Game Assets/Samples/Terrain Tools/0.1.0-preview/Terrain Assets/BrushTextures/mountain03.tif using Guid(eb8981774e4509b4ba09dcceaf8814d1) Importer(815301076,1909f56bfc062723c751e8b465ee728b)  -> (artifact id: 'b1bfa51a235a0f2e1f39474825a66f55') in 0.015168 seconds
  Import took 0.017991 seconds .

========================================================================
Received Import Request.
  Time since last request: 0.000338 seconds.
  path: Assets/Game Assets/Samples/Terrain Tools/0.1.0-preview/Terrain Assets/BrushTextures/canyon03.tif
  artifactKey: Guid(00e07f21ff32c094ea64f6753fb3b542) Importer(815301076,1909f56bfc062723c751e8b465ee728b)
Start importing Assets/Game Assets/Samples/Terrain Tools/0.1.0-preview/Terrain Assets/BrushTextures/canyon03.tif using Guid(00e07f21ff32c094ea64f6753fb3b542) Importer(815301076,1909f56bfc062723c751e8b465ee728b)  -> (artifact id: 'e45622fbbd60094242abaa2f41b8f6f0') in 0.016688 seconds
  Import took 0.019489 seconds .

========================================================================
Received Import Request.
  Time since last request: 0.000311 seconds.
  path: Assets/Game Assets/Samples/Terrain Tools/0.1.0-preview/Terrain Assets/BrushTextures/mountain08.tif
  artifactKey: Guid(d5428cdc2df49fc4a9aa5bbbcfcfe0e0) Importer(815301076,1909f56bfc062723c751e8b465ee728b)
Start importing Assets/Game Assets/Samples/Terrain Tools/0.1.0-preview/Terrain Assets/BrushTextures/mountain08.tif using Guid(d5428cdc2df49fc4a9aa5bbbcfcfe0e0) Importer(815301076,1909f56bfc062723c751e8b465ee728b)  -> (artifact id: '2f277739aef17dd5eb042150102a2264') in 0.022210 seconds
  Import took 0.025988 seconds .

========================================================================
Received Import Request.
  Time since last request: 0.000380 seconds.
  path: Assets/Game Assets/Samples/Terrain Tools/0.1.0-preview/Terrain Assets/BrushTextures/mountain06.tif
  artifactKey: Guid(b44a453c2397af74cb81885989043518) Importer(815301076,1909f56bfc062723c751e8b465ee728b)
Start importing Assets/Game Assets/Samples/Terrain Tools/0.1.0-preview/Terrain Assets/BrushTextures/mountain06.tif using Guid(b44a453c2397af74cb81885989043518) Importer(815301076,1909f56bfc062723c751e8b465ee728b)  -> (artifact id: '22046a78755b2ec440095d9996909dbb') in 0.017761 seconds
  Import took 0.021038 seconds .

========================================================================
Received Import Request.
  Time since last request: 0.000306 seconds.
  path: Assets/Game Assets/Samples/Terrain Tools/0.1.0-preview/Terrain Assets/BrushTextures/mountain07.tif
  artifactKey: Guid(ce420f179549a9c4f9a08a26260e8d18) Importer(815301076,1909f56bfc062723c751e8b465ee728b)
Start importing Assets/Game Assets/Samples/Terrain Tools/0.1.0-preview/Terrain Assets/BrushTextures/mountain07.tif using Guid(ce420f179549a9c4f9a08a26260e8d18) Importer(815301076,1909f56bfc062723c751e8b465ee728b)  -> (artifact id: '7dc300b194273d77eea8d6ea71ca9f54') in 0.020927 seconds
  Import took 0.024300 seconds .

========================================================================
Received Import Request.
  Time since last request: 0.000365 seconds.
  path: Assets/Game Assets/Samples/Terrain Tools/0.1.0-preview/Terrain Assets/BrushTextures/canyon02.tif
  artifactKey: Guid(4fe4d3241d435594b82a72af96e4052d) Importer(815301076,1909f56bfc062723c751e8b465ee728b)
Start importing Assets/Game Assets/Samples/Terrain Tools/0.1.0-preview/Terrain Assets/BrushTextures/canyon02.tif using Guid(4fe4d3241d435594b82a72af96e4052d) Importer(815301076,1909f56bfc062723c751e8b465ee728b)  -> (artifact id: 'bc14931e4d78db17530e2d160016a436') in 0.018308 seconds
  Import took 0.021456 seconds .

========================================================================
Received Import Request.
  Time since last request: 0.000325 seconds.
  path: Assets/Game Assets/Samples/Terrain Tools/0.1.0-preview/Terrain Assets/BrushTextures/flat_mountain01.tif
  artifactKey: Guid(d2a704d1b2d8ad948aab36a028a684b5) Importer(815301076,1909f56bfc062723c751e8b465ee728b)
Start importing Assets/Game Assets/Samples/Terrain Tools/0.1.0-preview/Terrain Assets/BrushTextures/flat_mountain01.tif using Guid(d2a704d1b2d8ad948aab36a028a684b5) Importer(815301076,1909f56bfc062723c751e8b465ee728b)  -> (artifact id: '0c20c6b55386fe53b417a554e89fc53b') in 0.020143 seconds
  Import took 0.023743 seconds .

========================================================================
Received Import Request.
  Time since last request: 0.000354 seconds.
  path: Assets/Game Assets/Samples/Terrain Tools/0.1.0-preview/Terrain Assets/BrushTextures/mountain04.tif
  artifactKey: Guid(a1f4f845b9208d64a95cc6177a9b2abc) Importer(815301076,1909f56bfc062723c751e8b465ee728b)
Start importing Assets/Game Assets/Samples/Terrain Tools/0.1.0-preview/Terrain Assets/BrushTextures/mountain04.tif using Guid(a1f4f845b9208d64a95cc6177a9b2abc) Importer(815301076,1909f56bfc062723c751e8b465ee728b)  -> (artifact id: '07fddf0eed7aea02668259010d976532') in 0.020156 seconds
  Import took 0.023018 seconds .

========================================================================
Received Import Request.
  Time since last request: 0.000380 seconds.
  path: Assets/Game Assets/Samples/Terrain Tools/0.1.0-preview/Terrain Assets/BrushTextures/cracked_earth01.tif
  artifactKey: Guid(fc6089e3bffbdc9489980dbed57a64f6) Importer(815301076,1909f56bfc062723c751e8b465ee728b)
Start importing Assets/Game Assets/Samples/Terrain Tools/0.1.0-preview/Terrain Assets/BrushTextures/cracked_earth01.tif using Guid(fc6089e3bffbdc9489980dbed57a64f6) Importer(815301076,1909f56bfc062723c751e8b465ee728b)  -> (artifact id: '1a7f7d4b909f97977e7e3403b990f982') in 0.016483 seconds
  Import took 0.019563 seconds .

========================================================================
Received Import Request.
  Time since last request: 0.000308 seconds.
  path: Assets/Game Assets/Samples/Terrain Tools/0.1.0-preview/Terrain Assets/BrushTextures/island01.tif
  artifactKey: Guid(043a3cc82df9fb94aba4f90d2009efc7) Importer(815301076,1909f56bfc062723c751e8b465ee728b)
Start importing Assets/Game Assets/Samples/Terrain Tools/0.1.0-preview/Terrain Assets/BrushTextures/island01.tif using Guid(043a3cc82df9fb94aba4f90d2009efc7) Importer(815301076,1909f56bfc062723c751e8b465ee728b)  -> (artifact id: '570917d6b4ca7976837b7aab1da91c75') in 0.017610 seconds
  Import took 0.021136 seconds .

========================================================================
Received Import Request.
  Time since last request: 0.000383 seconds.
  path: Assets/Game Assets/Samples/Terrain Tools/0.1.0-preview/Terrain Assets/BrushTextures/clouds.tif
  artifactKey: Guid(791ebe8a3d329b34ca7dc4616ec3cd34) Importer(815301076,1909f56bfc062723c751e8b465ee728b)
Start importing Assets/Game Assets/Samples/Terrain Tools/0.1.0-preview/Terrain Assets/BrushTextures/clouds.tif using Guid(791ebe8a3d329b34ca7dc4616ec3cd34) Importer(815301076,1909f56bfc062723c751e8b465ee728b)  -> (artifact id: 'd6d0275abe5fbf3995c860fda0072176') in 0.013667 seconds
  Import took 0.017446 seconds .

========================================================================
Received Import Request.
  Time since last request: 0.000472 seconds.
  path: Assets/Game Assets/Samples/Terrain Tools/0.1.0-preview/Terrain Assets/BrushTextures/HeightmapTexture.preset
  artifactKey: Guid(3673edd4bef6add4aaf606245092507c) Importer(815301076,1909f56bfc062723c751e8b465ee728b)
Start importing Assets/Game Assets/Samples/Terrain Tools/0.1.0-preview/Terrain Assets/BrushTextures/HeightmapTexture.preset using Guid(3673edd4bef6add4aaf606245092507c) Importer(815301076,1909f56bfc062723c751e8b465ee728b)  -> (artifact id: '97cf9e58d1d1eb5538bfe5167effcfcf') in 0.086667 seconds
  Import took 0.093358 seconds .

========================================================================
Received Import Request.
  Time since last request: 0.000624 seconds.
  path: Assets/Game Assets/Samples/Terrain Tools/0.1.0-preview/Terrain Assets/BrushTextures/errosion02.tif
  artifactKey: Guid(8d909223d66b7cd4d9719d37ee403dff) Importer(815301076,1909f56bfc062723c751e8b465ee728b)
Start importing Assets/Game Assets/Samples/Terrain Tools/0.1.0-preview/Terrain Assets/BrushTextures/errosion02.tif using Guid(8d909223d66b7cd4d9719d37ee403dff) Importer(815301076,1909f56bfc062723c751e8b465ee728b)  -> (artifact id: 'c583e4557af6f73b7c27bdba45f4cf86') in 0.025396 seconds
  Import took 0.031152 seconds .

========================================================================
Received Import Request.
  Time since last request: 0.000257 seconds.
  path: Assets/Game Assets/Samples/Terrain Tools/0.1.0-preview/Terrain Assets/BrushTextures/errosion01.tif
  artifactKey: Guid(228af47692a8c7c49b93049646ac6c46) Importer(815301076,1909f56bfc062723c751e8b465ee728b)
Start importing Assets/Game Assets/Samples/Terrain Tools/0.1.0-preview/Terrain Assets/BrushTextures/errosion01.tif using Guid(228af47692a8c7c49b93049646ac6c46) Importer(815301076,1909f56bfc062723c751e8b465ee728b)  -> (artifact id: '52e5a0717f7b15ceebeec145ff840da2') in 0.021681 seconds
  Import took 0.025503 seconds .

========================================================================
Received Import Request.
  Time since last request: 0.000299 seconds.
  path: Assets/Game Assets/Samples/Terrain Tools/0.1.0-preview/Terrain Assets/BrushTextures/mountain02.tif
  artifactKey: Guid(5b7433cfa322cdb4ba853ecd73127975) Importer(815301076,1909f56bfc062723c751e8b465ee728b)
Start importing Assets/Game Assets/Samples/Terrain Tools/0.1.0-preview/Terrain Assets/BrushTextures/mountain02.tif using Guid(5b7433cfa322cdb4ba853ecd73127975) Importer(815301076,1909f56bfc062723c751e8b465ee728b)  -> (artifact id: 'f9626b1a1bfdec882cb5be120e4ebddf') in 0.017186 seconds
  Import took 0.020310 seconds .

========================================================================
Received Import Request.
  Time since last request: 0.000266 seconds.
  path: Assets/Game Assets/Samples/Terrain Tools/0.1.0-preview/Terrain Assets/BrushTextures/mountain05.tif
  artifactKey: Guid(59cf4095c6c8e0f488ebe12abd1e569a) Importer(815301076,1909f56bfc062723c751e8b465ee728b)
Start importing Assets/Game Assets/Samples/Terrain Tools/0.1.0-preview/Terrain Assets/BrushTextures/mountain05.tif using Guid(59cf4095c6c8e0f488ebe12abd1e569a) Importer(815301076,1909f56bfc062723c751e8b465ee728b)  -> (artifact id: '049ec73881c0cafb11414f8457c23b3a') in 0.019218 seconds
  Import took 0.022006 seconds .

========================================================================
Received Import Request.
  Time since last request: 0.000338 seconds.
  path: Assets/Game Assets/Samples/Terrain Tools/0.1.0-preview/Terrain Assets/BrushTextures/canyon04.tif
  artifactKey: Guid(fd3a283142a57bd4aa8029f5e0705fc5) Importer(815301076,1909f56bfc062723c751e8b465ee728b)
Start importing Assets/Game Assets/Samples/Terrain Tools/0.1.0-preview/Terrain Assets/BrushTextures/canyon04.tif using Guid(fd3a283142a57bd4aa8029f5e0705fc5) Importer(815301076,1909f56bfc062723c751e8b465ee728b)  -> (artifact id: '6bfdc2a349379c6fc90f3e0d1ecc3c97') in 0.015673 seconds
  Import took 0.019450 seconds .

========================================================================
Received Import Request.
  Time since last request: 0.000303 seconds.
  path: Assets/Game Assets/Samples/Terrain Tools/0.1.0-preview/Terrain Assets/BrushTextures/cracked_earth02.tif
  artifactKey: Guid(ce389a44803b703498159190bc7d48af) Importer(815301076,1909f56bfc062723c751e8b465ee728b)
Start importing Assets/Game Assets/Samples/Terrain Tools/0.1.0-preview/Terrain Assets/BrushTextures/cracked_earth02.tif using Guid(ce389a44803b703498159190bc7d48af) Importer(815301076,1909f56bfc062723c751e8b465ee728b)  -> (artifact id: '859f9bf2ed3460eb5b5b9a9c26232ec0') in 0.016178 seconds
  Import took 0.019763 seconds .

========================================================================
Received Import Request.
  Time since last request: 0.000246 seconds.
  path: Assets/Game Assets/Samples/Terrain Tools/0.1.0-preview/Terrain Assets/BrushTextures/canyon05.tif
  artifactKey: Guid(3771b24b1afb4bd4d86e3ba795b65a32) Importer(815301076,1909f56bfc062723c751e8b465ee728b)
Start importing Assets/Game Assets/Samples/Terrain Tools/0.1.0-preview/Terrain Assets/BrushTextures/canyon05.tif using Guid(3771b24b1afb4bd4d86e3ba795b65a32) Importer(815301076,1909f56bfc062723c751e8b465ee728b)  -> (artifact id: 'f6856338c260e85022cf0622e8af968c') in 0.019234 seconds
  Import took 0.021761 seconds .

========================================================================
Received Import Request.
  Time since last request: 0.000244 seconds.
  path: Assets/Game Assets/Samples/Terrain Tools/0.1.0-preview/Terrain Assets/BrushTextures/mountain01.tif
  artifactKey: Guid(6cfb129191988d84eafe31848415a233) Importer(815301076,1909f56bfc062723c751e8b465ee728b)
Start importing Assets/Game Assets/Samples/Terrain Tools/0.1.0-preview/Terrain Assets/BrushTextures/mountain01.tif using Guid(6cfb129191988d84eafe31848415a233) Importer(815301076,1909f56bfc062723c751e8b465ee728b)  -> (artifact id: '3533135293b282f7efa514b27cdacfd4') in 0.021159 seconds
  Import took 0.024481 seconds .

========================================================================
Received Import Request.
  Time since last request: 66.815490 seconds.
  path: Assets/Game Assets/Samples/Terrain Tools/0.1.0-preview/Terrain Assets/TerrainTextures/moss_albedo.tif
  artifactKey: Guid(43b54d39e0a4c4d47bef645abec127f1) Importer(815301076,1909f56bfc062723c751e8b465ee728b)
Start importing Assets/Game Assets/Samples/Terrain Tools/0.1.0-preview/Terrain Assets/TerrainTextures/moss_albedo.tif using Guid(43b54d39e0a4c4d47bef645abec127f1) Importer(815301076,1909f56bfc062723c751e8b465ee728b)  -> (artifact id: 'ee8cde25e730e2a123e1d3153e496e5b') in 0.018548 seconds
  Import took 0.021796 seconds .

========================================================================
Received Import Request.
  Time since last request: 0.074166 seconds.
  path: Assets/Game Assets/Samples/Terrain Tools/0.1.0-preview/Terrain Assets/TerrainTextures/moss_albedo.tif
  artifactKey: Guid(43b54d39e0a4c4d47bef645abec127f1) Importer(815301076,1909f56bfc062723c751e8b465ee728b)
Start importing Assets/Game Assets/Samples/Terrain Tools/0.1.0-preview/Terrain Assets/TerrainTextures/moss_albedo.tif using Guid(43b54d39e0a4c4d47bef645abec127f1) Importer(815301076,1909f56bfc062723c751e8b465ee728b)  -> (artifact id: 'ee8cde25e730e2a123e1d3153e496e5b') in 0.026003 seconds
  Import took 0.028661 seconds .

========================================================================
Received Import Request.
  Time since last request: 2.583520 seconds.
  path: Assets/Game Assets/Samples/Terrain Tools/0.1.0-preview/Terrain Assets/TerrainTextures/rock_albedo.tif
  artifactKey: Guid(f7dd726c93b8f17418ea3be3f6768909) Importer(815301076,1909f56bfc062723c751e8b465ee728b)
Start importing Assets/Game Assets/Samples/Terrain Tools/0.1.0-preview/Terrain Assets/TerrainTextures/rock_albedo.tif using Guid(f7dd726c93b8f17418ea3be3f6768909) Importer(815301076,1909f56bfc062723c751e8b465ee728b)  -> (artifact id: '36777aa2be344d77d187a96bad5346c4') in 0.015842 seconds
  Import took 0.018598 seconds .

========================================================================
Received Import Request.
  Time since last request: 0.029587 seconds.
  path: Assets/Game Assets/Samples/Terrain Tools/0.1.0-preview/Terrain Assets/TerrainTextures/rock_albedo.tif
  artifactKey: Guid(f7dd726c93b8f17418ea3be3f6768909) Importer(815301076,1909f56bfc062723c751e8b465ee728b)
Start importing Assets/Game Assets/Samples/Terrain Tools/0.1.0-preview/Terrain Assets/TerrainTextures/rock_albedo.tif using Guid(f7dd726c93b8f17418ea3be3f6768909) Importer(815301076,1909f56bfc062723c751e8b465ee728b)  -> (artifact id: '36777aa2be344d77d187a96bad5346c4') in 0.028862 seconds
  Import took 0.032632 seconds .

========================================================================
Received Import Request.
  Time since last request: 2.527922 seconds.
  path: Assets/Game Assets/Samples/Terrain Tools/0.1.0-preview/Terrain Assets/TerrainTextures/snow_albedo.tif
  artifactKey: Guid(0cc0777f7d4a3444380eb084d74396b5) Importer(815301076,1909f56bfc062723c751e8b465ee728b)
Start importing Assets/Game Assets/Samples/Terrain Tools/0.1.0-preview/Terrain Assets/TerrainTextures/snow_albedo.tif using Guid(0cc0777f7d4a3444380eb084d74396b5) Importer(815301076,1909f56bfc062723c751e8b465ee728b)  -> (artifact id: '458b5f6e4266f2a797f3655aad699871') in 0.016483 seconds
  Import took 0.019095 seconds .

========================================================================
Received Import Request.
  Time since last request: 0.027765 seconds.
  path: Assets/Game Assets/Samples/Terrain Tools/0.1.0-preview/Terrain Assets/TerrainTextures/snow_albedo.tif
  artifactKey: Guid(0cc0777f7d4a3444380eb084d74396b5) Importer(815301076,1909f56bfc062723c751e8b465ee728b)
Start importing Assets/Game Assets/Samples/Terrain Tools/0.1.0-preview/Terrain Assets/TerrainTextures/snow_albedo.tif using Guid(0cc0777f7d4a3444380eb084d74396b5) Importer(815301076,1909f56bfc062723c751e8b465ee728b)  -> (artifact id: '458b5f6e4266f2a797f3655aad699871') in 0.028810 seconds
  Import took 0.031914 seconds .

========================================================================
Received Import Request.
  Time since last request: 3.032758 seconds.
  path: Assets/Game Assets/Samples/Terrain Tools/0.1.0-preview/Terrain Assets/TerrainTextures/scree_albedo.tif
  artifactKey: Guid(fcd3993703e7d804bb735613d2a5189d) Importer(815301076,1909f56bfc062723c751e8b465ee728b)
Start importing Assets/Game Assets/Samples/Terrain Tools/0.1.0-preview/Terrain Assets/TerrainTextures/scree_albedo.tif using Guid(fcd3993703e7d804bb735613d2a5189d) Importer(815301076,1909f56bfc062723c751e8b465ee728b)  -> (artifact id: '815a78f4aee482881a39afe19c46f855') in 0.020045 seconds
  Import took 0.022874 seconds .

========================================================================
Received Import Request.
  Time since last request: 0.055249 seconds.
  path: Assets/Game Assets/Samples/Terrain Tools/0.1.0-preview/Terrain Assets/TerrainTextures/scree_albedo.tif
  artifactKey: Guid(fcd3993703e7d804bb735613d2a5189d) Importer(815301076,1909f56bfc062723c751e8b465ee728b)
Start importing Assets/Game Assets/Samples/Terrain Tools/0.1.0-preview/Terrain Assets/TerrainTextures/scree_albedo.tif using Guid(fcd3993703e7d804bb735613d2a5189d) Importer(815301076,1909f56bfc062723c751e8b465ee728b)  -> (artifact id: '815a78f4aee482881a39afe19c46f855') in 0.034107 seconds
  Import took 0.037821 seconds .

========================================================================
Received Import Request.
  Time since last request: 7.694081 seconds.
  path: Assets/Game Assets/Samples/Terrain Tools/0.1.0-preview/Terrain Assets/TerrainTextures/sand_albedo.tif
  artifactKey: Guid(6bcc65b7c6e3a0b448d7801bfc56842f) Importer(815301076,1909f56bfc062723c751e8b465ee728b)
Start importing Assets/Game Assets/Samples/Terrain Tools/0.1.0-preview/Terrain Assets/TerrainTextures/sand_albedo.tif using Guid(6bcc65b7c6e3a0b448d7801bfc56842f) Importer(815301076,1909f56bfc062723c751e8b465ee728b)  -> (artifact id: '2bfc7d4e5456a97ea3a80e4872cd0037') in 0.021228 seconds
  Import took 0.023857 seconds .

========================================================================
Received Import Request.
  Time since last request: 0.049633 seconds.
  path: Assets/Game Assets/Samples/Terrain Tools/0.1.0-preview/Terrain Assets/TerrainTextures/sand_albedo.tif
  artifactKey: Guid(6bcc65b7c6e3a0b448d7801bfc56842f) Importer(815301076,1909f56bfc062723c751e8b465ee728b)
Start importing Assets/Game Assets/Samples/Terrain Tools/0.1.0-preview/Terrain Assets/TerrainTextures/sand_albedo.tif using Guid(6bcc65b7c6e3a0b448d7801bfc56842f) Importer(815301076,1909f56bfc062723c751e8b465ee728b)  -> (artifact id: '2bfc7d4e5456a97ea3a80e4872cd0037') in 0.032214 seconds
  Import took 0.035508 seconds .

========================================================================
Received Prepare
Registering precompiled user dll's ...
Registered in 0.001862 seconds.
Begin MonoManager ReloadAssembly
Native extension for WindowsStandalone target not found
Refreshing native plugins compatible for Editor in 0.33 ms, found 0 plugins.
Preloading 0 native plugins for Editor in 0.00 ms.
Invoked RoslynAnalysisRunner static constructor.
RoslynAnalysisRunner will not be running.
RoslynAnalysisRunner has terminated.
Mono: successfully reloaded assembly
- Completed reload, in  1.434 seconds
Platform modules already initialized, skipping
Refreshing native plugins compatible for Editor in 0.30 ms, found 0 plugins.
Preloading 0 native plugins for Editor in 0.00 ms.
Unloading 1405 Unused Serialized files (Serialized files now loaded: 0)
System memory in use before: 86.9 MB.
System memory in use after: 86.8 MB.

Unloading 9 unused Assets to reduce memory usage. Loaded Objects now: 1958.
Total: 4.362100 ms (FindLiveObjects: 0.353900 ms CreateObjectMapping: 0.142700 ms MarkObjects: 3.493800 ms  DeleteObjects: 0.369100 ms)

========================================================================
Received Import Request.
  Time since last request: 610.482620 seconds.
  path: Assets/Game Assets/Samples/Terrain Tools/0.1.0-preview/Terrain Assets/TerrainLayers/dirt.terrainlayer
  artifactKey: Guid(c25f012d8eaba684b9a392d71f427372) Importer(815301076,1909f56bfc062723c751e8b465ee728b)
Start importing Assets/Game Assets/Samples/Terrain Tools/0.1.0-preview/Terrain Assets/TerrainLayers/dirt.terrainlayer using Guid(c25f012d8eaba684b9a392d71f427372) Importer(815301076,1909f56bfc062723c751e8b465ee728b)  -> (artifact id: '8b66c0bb16e1a9945c4a2cb63007ecd0') in 0.052729 seconds
  Import took 0.056189 seconds .

========================================================================
Received Import Request.
  Time since last request: 0.000294 seconds.
  path: Assets/Game Assets/Samples/Terrain Tools/0.1.0-preview/Terrain Assets/TerrainLayers/sand.terrainlayer
  artifactKey: Guid(aa7afa2eb72909e4d8083508573d955f) Importer(815301076,1909f56bfc062723c751e8b465ee728b)
Start importing Assets/Game Assets/Samples/Terrain Tools/0.1.0-preview/Terrain Assets/TerrainLayers/sand.terrainlayer using Guid(aa7afa2eb72909e4d8083508573d955f) Importer(815301076,1909f56bfc062723c751e8b465ee728b)  -> (artifact id: '7b6c6bc320b1fa30ab7d894aebe9d6c0') in 0.023307 seconds
  Import took 0.026881 seconds .

========================================================================
Received Import Request.
  Time since last request: 45.290944 seconds.
  path: Assets/Fantasy Forest Environment Free Sample/Materials/bark01_bottom.mat
  artifactKey: Guid(7e56b6e37c078ed47b6d0e9d9249ea9f) Importer(815301076,1909f56bfc062723c751e8b465ee728b)
Start importing Assets/Fantasy Forest Environment Free Sample/Materials/bark01_bottom.mat using Guid(7e56b6e37c078ed47b6d0e9d9249ea9f) Importer(815301076,1909f56bfc062723c751e8b465ee728b)  -> (artifact id: '2d2f4e95e4f64c31b4be95bd1fc3ff95') in 0.405363 seconds
  Import took 0.408375 seconds .

========================================================================
Received Import Request.
  Time since last request: 0.000309 seconds.
  path: Assets/Fantasy Forest Environment Free Sample/Materials/dirt01.mat
  artifactKey: Guid(02f626fd2f11216458890862c5864d34) Importer(815301076,1909f56bfc062723c751e8b465ee728b)
Start importing Assets/Fantasy Forest Environment Free Sample/Materials/dirt01.mat using Guid(02f626fd2f11216458890862c5864d34) Importer(815301076,1909f56bfc062723c751e8b465ee728b)  -> (artifact id: 'b7a17e029afb41cfd84e71ea7da0de36') in 0.135405 seconds
  Import took 0.137705 seconds .

========================================================================
Received Import Request.
  Time since last request: 0.000304 seconds.
  path: Assets/Fantasy Forest Environment Free Sample/Materials/skyMaterial.mat
  artifactKey: Guid(cb20c710b0721ef4d88cabbec2aa4da7) Importer(815301076,1909f56bfc062723c751e8b465ee728b)
Start importing Assets/Fantasy Forest Environment Free Sample/Materials/skyMaterial.mat using Guid(cb20c710b0721ef4d88cabbec2aa4da7) Importer(815301076,1909f56bfc062723c751e8b465ee728b)  -> (artifact id: '944a21013b4d5b4c3ee2ab060d586555') in 0.041405 seconds
  Import took 0.055360 seconds .

========================================================================
Received Import Request.
  Time since last request: 0.000313 seconds.
  path: Assets/Fantasy Forest Environment Free Sample/Materials/tree_branches.mat
  artifactKey: Guid(16a185093c7e02d40a49265c23c74417) Importer(815301076,1909f56bfc062723c751e8b465ee728b)
Start importing Assets/Fantasy Forest Environment Free Sample/Materials/tree_branches.mat using Guid(16a185093c7e02d40a49265c23c74417) Importer(815301076,1909f56bfc062723c751e8b465ee728b)  -> (artifact id: '4acd24c51dd08177615e1ca49e7a4fd5') in 0.253662 seconds
  Import took 0.256298 seconds .

========================================================================
Received Import Request.
  Time since last request: 0.000286 seconds.
  path: Assets/Fantasy Forest Environment Free Sample/Materials/grassmesh.mat
  artifactKey: Guid(0666ed421e3d1f146a986f726e7354c1) Importer(815301076,1909f56bfc062723c751e8b465ee728b)
Start importing Assets/Fantasy Forest Environment Free Sample/Materials/grassmesh.mat using Guid(0666ed421e3d1f146a986f726e7354c1) Importer(815301076,1909f56bfc062723c751e8b465ee728b)  -> (artifact id: '4c90666e78fe7985c877c4ff6aefcde5') in 0.119209 seconds
  Import took 0.122358 seconds .

========================================================================
Received Import Request.
  Time since last request: 0.000271 seconds.
  path: Assets/Fantasy Forest Environment Free Sample/Materials/grass01.mat
  artifactKey: Guid(40e69315dc8bd0b45be8bf7143248fba) Importer(815301076,1909f56bfc062723c751e8b465ee728b)
Start importing Assets/Fantasy Forest Environment Free Sample/Materials/grass01.mat using Guid(40e69315dc8bd0b45be8bf7143248fba) Importer(815301076,1909f56bfc062723c751e8b465ee728b)  -> (artifact id: '4414141feeb5d51efecf5ce58bc82054') in 0.018460 seconds
  Import took 0.021255 seconds .

========================================================================
Received Import Request.
  Time since last request: 10.131957 seconds.
  path: Assets/Fantasy Forest Environment Free Sample/Textures/grass01_b.tga
  artifactKey: Guid(b69992f31e7145e4ba49aa8118c5541c) Importer(815301076,1909f56bfc062723c751e8b465ee728b)
Start importing Assets/Fantasy Forest Environment Free Sample/Textures/grass01_b.tga using Guid(b69992f31e7145e4ba49aa8118c5541c) Importer(815301076,1909f56bfc062723c751e8b465ee728b)  -> (artifact id: 'f0a1a8e754ce917ca18cd1f60262ef76') in 0.466535 seconds
  Import took 0.469229 seconds .

========================================================================
Received Import Request.
  Time since last request: 135.062179 seconds.
  path: Assets/_TerrainAutoUpgrade/layer_dirt01b3407d0e55802f81.terrainlayer
  artifactKey: Guid(afc889d02976e2843bad94bf34036c6a) Importer(815301076,1909f56bfc062723c751e8b465ee728b)
Start importing Assets/_TerrainAutoUpgrade/layer_dirt01b3407d0e55802f81.terrainlayer using Guid(afc889d02976e2843bad94bf34036c6a) Importer(815301076,1909f56bfc062723c751e8b465ee728b)  -> (artifact id: 'ef233fa3bd60dbacb856eea4fd70c15d') in 0.017484 seconds
  Import took 0.021227 seconds .

========================================================================
Received Import Request.
  Time since last request: 0.000358 seconds.
  path: Assets/_TerrainAutoUpgrade/layer_grass01b3407d0e55802f81.terrainlayer
  artifactKey: Guid(303e29fc94d564b47bf6122745136a5f) Importer(815301076,1909f56bfc062723c751e8b465ee728b)
Start importing Assets/_TerrainAutoUpgrade/layer_grass01b3407d0e55802f81.terrainlayer using Guid(303e29fc94d564b47bf6122745136a5f) Importer(815301076,1909f56bfc062723c751e8b465ee728b)  -> (artifact id: '9b6fe6d9ba3b2792af5388e5b1e9191e') in 0.016722 seconds
  Import took 0.056883 seconds .

========================================================================
Received Import Request.
  Time since last request: 0.000395 seconds.
  path: Assets/_TerrainAutoUpgrade/layer_dirt01b3407d0e55802f81.terrainlayer
  artifactKey: Guid(afc889d02976e2843bad94bf34036c6a) Importer(815301076,1909f56bfc062723c751e8b465ee728b)
Start importing Assets/_TerrainAutoUpgrade/layer_dirt01b3407d0e55802f81.terrainlayer using Guid(afc889d02976e2843bad94bf34036c6a) Importer(815301076,1909f56bfc062723c751e8b465ee728b)  -> (artifact id: 'ef233fa3bd60dbacb856eea4fd70c15d') in 0.015057 seconds
  Import took 0.018602 seconds .

========================================================================
Received Import Request.
  Time since last request: 0.000352 seconds.
  path: Assets/_TerrainAutoUpgrade/layer_grass01_bb3407d0e55802f81.terrainlayer
  artifactKey: Guid(3dd1f7d746a1a904da716b231dc2cd40) Importer(815301076,1909f56bfc062723c751e8b465ee728b)
Start importing Assets/_TerrainAutoUpgrade/layer_grass01_bb3407d0e55802f81.terrainlayer using Guid(3dd1f7d746a1a904da716b231dc2cd40) Importer(815301076,1909f56bfc062723c751e8b465ee728b)  -> (artifact id: '740b08e57998b52338dd0d6065e1561a') in 0.021047 seconds
  Import took 0.025081 seconds .

========================================================================
Received Prepare
Registering precompiled user dll's ...
Registered in 0.001363 seconds.
Begin MonoManager ReloadAssembly
Native extension for WindowsStandalone target not found
Refreshing native plugins compatible for Editor in 0.28 ms, found 0 plugins.
Preloading 0 native plugins for Editor in 0.00 ms.
Invoked RoslynAnalysisRunner static constructor.
RoslynAnalysisRunner will not be running.
RoslynAnalysisRunner has terminated.
Mono: successfully reloaded assembly
- Completed reload, in  1.118 seconds
Platform modules already initialized, skipping
Refreshing native plugins compatible for Editor in 0.28 ms, found 0 plugins.
Preloading 0 native plugins for Editor in 0.00 ms.
Unloading 1406 Unused Serialized files (Serialized files now loaded: 0)
System memory in use before: 88.1 MB.
System memory in use after: 88.0 MB.

Unloading 8 unused Assets to reduce memory usage. Loaded Objects now: 1997.
Total: 2.486800 ms (FindLiveObjects: 0.280500 ms CreateObjectMapping: 0.072800 ms MarkObjects: 1.925400 ms  DeleteObjects: 0.206300 ms)

AssetImportWorkerClient::OnTransportError - code=2 error=End of file
